   1              	 .syntax unified
   2              	 .cpu cortex-m4
   3              	 .eabi_attribute 27,3
   4              	 .fpu fpv4-sp-d16
   5              	 .eabi_attribute 20,1
   6              	 .eabi_attribute 21,1
   7              	 .eabi_attribute 23,3
   8              	 .eabi_attribute 24,1
   9              	 .eabi_attribute 25,1
  10              	 .eabi_attribute 26,1
  11              	 .eabi_attribute 30,6
  12              	 .eabi_attribute 34,1
  13              	 .eabi_attribute 18,4
  14              	 .thumb
  15              	 .file "pin_interrupt_conf.c"
  16              	 .text
  17              	.Ltext0:
  18              	 .cfi_sections .debug_frame
  19              	 .global PIN_INTERRUPT_0
  20              	 .section .rodata.PIN_INTERRUPT_0,"a",%progbits
  21              	 .align 2
  24              	PIN_INTERRUPT_0:
  25 0000 00480050 	 .word 1342195712
  26 0004 00810248 	 .word 1208123648
  27 0008 00       	 .byte 0
  28 0009 00000000 	 .space 11
  28      00000000 
  28      000000
  29 0014 00       	 .byte 0
  30 0015 000000   	 .space 3
  31 0018 35       	 .byte 53
  32 0019 01       	 .byte 1
  33 001a 0000     	 .space 2
  34 001c 04       	 .byte 4
  35 001d 3D       	 .byte 61
  36 001e 00       	 .byte 0
  37 001f 03       	 .byte 3
  38 0020 03       	 .byte 3
  39 0021 00       	 .byte 0
  40 0022 01       	 .byte 1
  41 0023 00       	 .space 1
  42              	 .global PIN_INTERRUPT_1
  43              	 .section .rodata.PIN_INTERRUPT_1,"a",%progbits
  44              	 .align 2
  47              	PIN_INTERRUPT_1:
  48 0000 00400440 	 .word 1074020352
  49 0004 00810248 	 .word 1208123648
  50 0008 00       	 .byte 0
  51 0009 00000000 	 .space 11
  51      00000000 
  51      000000
  52 0014 00       	 .byte 0
  53 0015 000000   	 .space 3
  54 0018 35       	 .byte 53
  55 0019 00       	 .byte 0
  56 001a 0000     	 .space 2
  57 001c 08       	 .byte 8
  58 001d 3B       	 .byte 59
  59 001e 00       	 .byte 0
  60 001f 01       	 .byte 1
  61 0020 03       	 .byte 3
  62 0021 0F       	 .byte 15
  63 0022 01       	 .byte 1
  64 0023 00       	 .space 1
  65              	 .global PIN_INTERRUPT_2
  66              	 .section .rodata.PIN_INTERRUPT_2,"a",%progbits
  67              	 .align 2
  70              	PIN_INTERRUPT_2:
  71 0000 00400440 	 .word 1074020352
  72 0004 00810248 	 .word 1208123648
  73 0008 00       	 .byte 0
  74 0009 00000000 	 .space 11
  74      00000000 
  74      000000
  75 0014 00       	 .byte 0
  76 0015 000000   	 .space 3
  77 0018 0D       	 .byte 13
  78 0019 00       	 .byte 0
  79 001a 0000     	 .space 2
  80 001c 05       	 .byte 5
  81 001d 3C       	 .byte 60
  82 001e 00       	 .byte 0
  83 001f 00       	 .byte 0
  84 0020 00       	 .byte 0
  85 0021 05       	 .byte 5
  86 0022 01       	 .byte 1
  87 0023 00       	 .space 1
  88              	 .text
  89              	.Letext0:
  90              	 .file 1 "d:\\4.5.0.202105191637\\eclipse\\arm-gcc-49\\arm-none-eabi\\include\\machine\\_default_types.h"
  91              	 .file 2 "d:\\4.5.0.202105191637\\eclipse\\arm-gcc-49\\arm-none-eabi\\include\\stdint.h"
  92              	 .file 3 "D:/4.5.0.202105191637/eclipse/workspace/PWM_display/Libraries/CMSIS/Infineon/XMC4500_series/Include/XMC4500.h"
  93              	 .file 4 "D:/4.5.0.202105191637/eclipse/workspace/PWM_display/Libraries/XMCLib/inc/xmc_gpio.h"
  94              	 .file 5 "D:/4.5.0.202105191637/eclipse/workspace/PWM_display/Libraries/XMCLib/inc/xmc4_gpio.h"
  95              	 .file 6 "D:/4.5.0.202105191637/eclipse/workspace/PWM_display/Libraries/XMCLib/inc/xmc_eru.h"
  96              	 .file 7 "../Dave/Generated/PIN_INTERRUPT/pin_interrupt.h"
  97              	 .file 8 "D:/4.5.0.202105191637/eclipse/workspace/PWM_display/Libraries/CMSIS/Include/cmsis_gcc.h"
  98              	 .file 9 "D:/4.5.0.202105191637/eclipse/workspace/PWM_display/Libraries/CMSIS/Include/core_cm4.h"
  99              	 .file 10 "D:/4.5.0.202105191637/eclipse/workspace/PWM_display/Libraries/CMSIS/Infineon/XMC4500_series/Include/system_XMC4500.h"
 100              	 .file 11 "../Dave/Generated/PIN_INTERRUPT/pin_interrupt_conf.c"
DEFINED SYMBOLS
                            *ABS*:00000000 pin_interrupt_conf.c
    {standard input}:24     .rodata.PIN_INTERRUPT_0:00000000 PIN_INTERRUPT_0
    {standard input}:21     .rodata.PIN_INTERRUPT_0:00000000 $d
    {standard input}:47     .rodata.PIN_INTERRUPT_1:00000000 PIN_INTERRUPT_1
    {standard input}:44     .rodata.PIN_INTERRUPT_1:00000000 $d
    {standard input}:70     .rodata.PIN_INTERRUPT_2:00000000 PIN_INTERRUPT_2
    {standard input}:67     .rodata.PIN_INTERRUPT_2:00000000 $d

NO UNDEFINED SYMBOLS
